[09/20/2015 12:06:47 AM] [INFO] : motorola e
[09/20/2015 12:06:47 AM] [INFO] : getsearchonkeywords() starts
[09/20/2015 12:06:47 AM] [INFO] : parameters : Count : 10 keywords : motorola%20e
[09/20/2015 12:06:47 AM] [INFO] : executecall() starts
[09/20/2015 12:06:47 AM] [INFO] : parameters : url : https://affiliate-api.flipkart.net/affiliate/search/json?query=motorola%20e&resultCount=10
[09/20/2015 12:06:48 AM] [ERROR] : Expecting value: line 1 column 1 (char 0)
[09/20/2015 12:06:48 AM] [INFO] : getsearchonkeywords() ends
[09/20/2015 12:06:48 AM] [INFO] : getsearchonkeywords() starts
[09/20/2015 12:06:48 AM] [INFO] : parameters : Count : 10 keywords : motorola%20e
[09/20/2015 12:06:48 AM] [INFO] : executecall() starts
[09/20/2015 12:06:48 AM] [INFO] : parameters : url : https://affiliate-api.flipkart.net/affiliate/search/json?query=motorola%20e&resultCount=10
[09/20/2015 12:06:48 AM] [ERROR] : Expecting value: line 1 column 1 (char 0)
[09/20/2015 12:06:48 AM] [INFO] : getsearchonkeywords() ends
[09/20/2015 12:06:48 AM] [INFO] : getsearchonkeywords() starts
[09/20/2015 12:06:48 AM] [INFO] : parameters : Count : 10 keywords : motorola%20e
[09/20/2015 12:06:48 AM] [INFO] : executecall() starts
[09/20/2015 12:06:48 AM] [INFO] : parameters : url : https://affiliate-api.flipkart.net/affiliate/search/json?query=motorola%20e&resultCount=10
[09/20/2015 12:06:49 AM] [ERROR] : Expecting value: line 1 column 1 (char 0)
[09/20/2015 12:06:49 AM] [INFO] : getsearchonkeywords() ends
[09/20/2015 12:08:02 AM] [INFO] : motorola e
[09/20/2015 12:08:02 AM] [INFO] : getsearchonkeywords() starts
[09/20/2015 12:08:02 AM] [INFO] : parameters : Count : 10 keywords : motorola%20e
[09/20/2015 12:08:02 AM] [INFO] : executecall() starts
[09/20/2015 12:08:02 AM] [INFO] : parameters : url : https://affiliate-api.flipkart.net/affiliate/search/json?query=motorola%20e&resultCount=10
[09/20/2015 12:08:03 AM] [ERROR] : Expecting value: line 1 column 1 (char 0)
[09/20/2015 12:08:03 AM] [INFO] : getsearchonkeywords() ends
[09/20/2015 12:08:03 AM] [INFO] : getsearchonkeywords() starts
[09/20/2015 12:08:03 AM] [INFO] : parameters : Count : 10 keywords : motorola%20e
[09/20/2015 12:08:03 AM] [INFO] : executecall() starts
[09/20/2015 12:08:03 AM] [INFO] : parameters : url : https://affiliate-api.flipkart.net/affiliate/search/json?query=motorola%20e&resultCount=10
[09/20/2015 12:08:03 AM] [ERROR] : Expecting value: line 1 column 1 (char 0)
[09/20/2015 12:08:03 AM] [INFO] : getsearchonkeywords() ends
[09/20/2015 12:08:03 AM] [INFO] : getsearchonkeywords() starts
[09/20/2015 12:08:03 AM] [INFO] : parameters : Count : 10 keywords : motorola%20e
[09/20/2015 12:08:03 AM] [INFO] : executecall() starts
[09/20/2015 12:08:03 AM] [INFO] : parameters : url : https://affiliate-api.flipkart.net/affiliate/search/json?query=motorola%20e&resultCount=10
[09/20/2015 12:08:04 AM] [ERROR] : Expecting value: line 1 column 1 (char 0)
[09/20/2015 12:08:04 AM] [INFO] : getsearchonkeywords() ends
[09/20/2015 12:08:20 AM] [INFO] : motorola e
[09/20/2015 12:08:20 AM] [INFO] : getsearchonkeywords() starts
[09/20/2015 12:08:20 AM] [INFO] : parameters : Count : 10 keywords : motorola%20e
[09/20/2015 12:08:20 AM] [INFO] : executecall() starts
[09/20/2015 12:08:20 AM] [INFO] : parameters : url : https://affiliate-api.flipkart.net/affiliate/search/json?query=motorola%20e&resultCount=10
[09/20/2015 12:08:20 AM] [ERROR] : Expecting value: line 1 column 1 (char 0)
[09/20/2015 12:08:20 AM] [INFO] : getsearchonkeywords() ends
[09/20/2015 12:08:20 AM] [INFO] : getsearchonkeywords() starts
[09/20/2015 12:08:20 AM] [INFO] : parameters : Count : 10 keywords : motorola%20e
[09/20/2015 12:08:20 AM] [INFO] : executecall() starts
[09/20/2015 12:08:20 AM] [INFO] : parameters : url : https://affiliate-api.flipkart.net/affiliate/search/json?query=motorola%20e&resultCount=10
[09/20/2015 12:08:21 AM] [ERROR] : Expecting value: line 1 column 1 (char 0)
[09/20/2015 12:08:21 AM] [INFO] : getsearchonkeywords() ends
[09/20/2015 12:08:21 AM] [INFO] : getsearchonkeywords() starts
[09/20/2015 12:08:21 AM] [INFO] : parameters : Count : 10 keywords : motorola%20e
[09/20/2015 12:08:21 AM] [INFO] : executecall() starts
[09/20/2015 12:08:21 AM] [INFO] : parameters : url : https://affiliate-api.flipkart.net/affiliate/search/json?query=motorola%20e&resultCount=10
[09/20/2015 12:08:21 AM] [ERROR] : Expecting value: line 1 column 1 (char 0)
[09/20/2015 12:08:21 AM] [INFO] : getsearchonkeywords() ends
[09/20/2015 12:50:42 AM] [INFO] : motorola e
[09/20/2015 12:50:42 AM] [INFO] : getsearchonkeywords() starts
[09/20/2015 12:50:42 AM] [INFO] : parameters : Count : 10 keywords : motorola%20e
[09/20/2015 12:50:42 AM] [INFO] : executecall() starts
[09/20/2015 12:50:42 AM] [INFO] : parameters : url : https://affiliate-api.flipkart.net/affiliate/search/json?query=motorola%20e&resultCount=10
[09/20/2015 12:50:43 AM] [ERROR] : Expecting value: line 1 column 1 (char 0)
[09/20/2015 12:50:43 AM] [INFO] : getsearchonkeywords() ends
[09/20/2015 12:50:43 AM] [INFO] : getsearchonkeywords() starts
[09/20/2015 12:50:43 AM] [INFO] : parameters : Count : 10 keywords : motorola%20e
[09/20/2015 12:50:43 AM] [INFO] : executecall() starts
[09/20/2015 12:50:43 AM] [INFO] : parameters : url : https://affiliate-api.flipkart.net/affiliate/search/json?query=motorola%20e&resultCount=10
[09/20/2015 12:50:43 AM] [ERROR] : Expecting value: line 1 column 1 (char 0)
[09/20/2015 12:50:43 AM] [INFO] : getsearchonkeywords() ends
[09/20/2015 12:50:43 AM] [INFO] : getsearchonkeywords() starts
[09/20/2015 12:50:43 AM] [INFO] : parameters : Count : 10 keywords : motorola%20e
[09/20/2015 12:50:43 AM] [INFO] : executecall() starts
[09/20/2015 12:50:43 AM] [INFO] : parameters : url : https://affiliate-api.flipkart.net/affiliate/search/json?query=motorola%20e&resultCount=10
[09/20/2015 12:50:44 AM] [ERROR] : Expecting value: line 1 column 1 (char 0)
[09/20/2015 12:50:44 AM] [INFO] : getsearchonkeywords() ends
[09/20/2015 12:51:58 AM] [INFO] : motorola e
[09/20/2015 12:51:58 AM] [INFO] : getsearchonkeywords() starts
[09/20/2015 12:51:58 AM] [INFO] : parameters : Count : 10 keywords : motorola%20e
[09/20/2015 12:51:58 AM] [INFO] : executecall() starts
[09/20/2015 12:51:58 AM] [INFO] : parameters : url : https://affiliate-api.flipkart.net/affiliate/search/json?query=motorola%20e&resultCount=10
[09/20/2015 12:51:58 AM] [ERROR] : Expecting value: line 1 column 1 (char 0)
[09/20/2015 12:51:58 AM] [INFO] : getsearchonkeywords() ends
[09/20/2015 12:54:04 AM] [INFO] : motorola e
[09/20/2015 12:54:04 AM] [INFO] : getsearchonkeywords() starts
[09/20/2015 12:54:04 AM] [INFO] : parameters : Count : 10 keywords : motorola%20e
[09/20/2015 12:54:04 AM] [INFO] : executecall() starts
[09/20/2015 12:54:04 AM] [INFO] : parameters : url : https://affiliate-api.flipkart.net/affiliate/search/json?query=motorola%20e&resultCount=10
[09/20/2015 12:54:04 AM] [ERROR] : Expecting value: line 1 column 1 (char 0)
[09/20/2015 12:54:04 AM] [INFO] : getsearchonkeywords() ends
[09/20/2015 12:54:57 AM] [INFO] : motorola e
[09/20/2015 12:54:57 AM] [INFO] : getsearchonkeywords() starts
[09/20/2015 12:54:57 AM] [INFO] : parameters : Count : 10 keywords : motorola%20e
[09/20/2015 12:54:57 AM] [INFO] : executecall() starts
[09/20/2015 12:54:57 AM] [INFO] : parameters : url : https://affiliate-api.flipkart.net/affiliate/search/json?query=motorola%20e&resultCount=10
[09/20/2015 12:54:58 AM] [ERROR] : Expecting value: line 1 column 1 (char 0)
[09/20/2015 12:54:58 AM] [INFO] : getsearchonkeywords() ends
[09/20/2015 12:55:13 AM] [INFO] : motorola e
[09/20/2015 12:55:13 AM] [INFO] : getsearchonkeywords() starts
[09/20/2015 12:55:13 AM] [INFO] : parameters : Count : 10 keywords : motorola%20e
[09/20/2015 12:55:13 AM] [INFO] : executecall() starts
[09/20/2015 12:55:13 AM] [INFO] : parameters : url : https://affiliate-api.flipkart.net/affiliate/search/json?query=motorola%20e&resultCount=10
[09/20/2015 12:55:13 AM] [ERROR] : Expecting value: line 1 column 1 (char 0)
[09/20/2015 12:55:13 AM] [INFO] : getsearchonkeywords() ends
[09/20/2015 12:55:13 AM] [INFO] : getsearchonkeywords() starts
[09/20/2015 12:55:13 AM] [INFO] : parameters : Count : 10 keywords : motorola%20e
[09/20/2015 12:55:13 AM] [INFO] : executecall() starts
[09/20/2015 12:55:13 AM] [INFO] : parameters : url : https://affiliate-api.flipkart.net/affiliate/search/json?query=motorola%20e&resultCount=10
[09/20/2015 12:55:14 AM] [ERROR] : Expecting value: line 1 column 1 (char 0)
[09/20/2015 12:55:14 AM] [INFO] : getsearchonkeywords() ends
[09/20/2015 12:55:14 AM] [INFO] : getsearchonkeywords() starts
[09/20/2015 12:55:14 AM] [INFO] : parameters : Count : 10 keywords : motorola%20e
[09/20/2015 12:55:14 AM] [INFO] : executecall() starts
[09/20/2015 12:55:14 AM] [INFO] : parameters : url : https://affiliate-api.flipkart.net/affiliate/search/json?query=motorola%20e&resultCount=10
[09/20/2015 12:55:15 AM] [ERROR] : Expecting value: line 1 column 1 (char 0)
[09/20/2015 12:55:15 AM] [INFO] : getsearchonkeywords() ends
[09/20/2015 12:55:49 AM] [INFO] : nokia lumia 1020
[09/20/2015 12:55:49 AM] [INFO] : getsearchonkeywords() starts
[09/20/2015 12:55:49 AM] [INFO] : parameters : Count : 10 keywords : nokia%20lumia%201020
[09/20/2015 12:55:49 AM] [INFO] : executecall() starts
[09/20/2015 12:55:49 AM] [INFO] : parameters : url : https://affiliate-api.flipkart.net/affiliate/search/json?query=nokia%20lumia%201020&resultCount=10
[09/20/2015 12:55:50 AM] [ERROR] : Expecting value: line 1 column 1 (char 0)
[09/20/2015 12:55:50 AM] [INFO] : getsearchonkeywords() ends
[09/20/2015 12:55:50 AM] [INFO] : getsearchonkeywords() starts
[09/20/2015 12:55:50 AM] [INFO] : parameters : Count : 10 keywords : nokia%20lumia%201020
[09/20/2015 12:55:50 AM] [INFO] : executecall() starts
[09/20/2015 12:55:50 AM] [INFO] : parameters : url : https://affiliate-api.flipkart.net/affiliate/search/json?query=nokia%20lumia%201020&resultCount=10
[09/20/2015 12:55:50 AM] [ERROR] : Expecting value: line 1 column 1 (char 0)
[09/20/2015 12:55:50 AM] [INFO] : getsearchonkeywords() ends
[09/20/2015 12:55:50 AM] [INFO] : getsearchonkeywords() starts
[09/20/2015 12:55:50 AM] [INFO] : parameters : Count : 10 keywords : nokia%20lumia%201020
[09/20/2015 12:55:50 AM] [INFO] : executecall() starts
[09/20/2015 12:55:50 AM] [INFO] : parameters : url : https://affiliate-api.flipkart.net/affiliate/search/json?query=nokia%20lumia%201020&resultCount=10
[09/20/2015 12:55:51 AM] [ERROR] : Expecting value: line 1 column 1 (char 0)
[09/20/2015 12:55:51 AM] [INFO] : getsearchonkeywords() ends
[09/20/2015 01:03:03 AM] [INFO] : nokia lumia 
[09/20/2015 01:03:03 AM] [INFO] : getsearchonkeywords() starts
[09/20/2015 01:03:03 AM] [INFO] : parameters : Count : 10 keywords : nokia%20lumia%20
[09/20/2015 01:03:03 AM] [INFO] : executecall() starts
[09/20/2015 01:03:03 AM] [INFO] : parameters : url : https://affiliate-api.flipkart.net/affiliate/search/json?query=nokia%20lumia%20&resultCount=10
[09/20/2015 01:03:03 AM] [ERROR] : (6, 'Could not resolve host: affiliate-api.flipkart.net')
[09/20/2015 01:03:03 AM] [INFO] : getsearchonkeywords() ends
[09/20/2015 01:03:03 AM] [INFO] : getsearchonkeywords() starts
[09/20/2015 01:03:03 AM] [INFO] : parameters : Count : 10 keywords : nokia%20lumia%20
[09/20/2015 01:03:03 AM] [INFO] : executecall() starts
[09/20/2015 01:03:03 AM] [INFO] : parameters : url : https://affiliate-api.flipkart.net/affiliate/search/json?query=nokia%20lumia%20&resultCount=10
[09/20/2015 01:03:03 AM] [ERROR] : (6, 'Could not resolve host: affiliate-api.flipkart.net')
[09/20/2015 01:03:03 AM] [INFO] : getsearchonkeywords() ends
[09/20/2015 01:03:03 AM] [INFO] : getsearchonkeywords() starts
[09/20/2015 01:03:03 AM] [INFO] : parameters : Count : 10 keywords : nokia%20lumia%20
[09/20/2015 01:03:03 AM] [INFO] : executecall() starts
[09/20/2015 01:03:03 AM] [INFO] : parameters : url : https://affiliate-api.flipkart.net/affiliate/search/json?query=nokia%20lumia%20&resultCount=10
[09/20/2015 01:03:03 AM] [ERROR] : (6, 'Could not resolve host: affiliate-api.flipkart.net')
[09/20/2015 01:03:03 AM] [INFO] : getsearchonkeywords() ends
[09/20/2015 01:04:02 AM] [INFO] : motorola e
[09/20/2015 01:04:02 AM] [INFO] : getsearchonkeywords() starts
[09/20/2015 01:04:02 AM] [INFO] : parameters : Count : 10 keywords : motorola%20e
[09/20/2015 01:04:02 AM] [INFO] : executecall() starts
[09/20/2015 01:04:02 AM] [INFO] : parameters : url : https://affiliate-api.flipkart.net/affiliate/search/json?query=motorola%20e&resultCount=10
[09/20/2015 01:04:02 AM] [ERROR] : (6, 'Could not resolve host: affiliate-api.flipkart.net')
[09/20/2015 01:04:02 AM] [INFO] : getsearchonkeywords() ends
[09/20/2015 01:04:02 AM] [INFO] : getsearchonkeywords() starts
[09/20/2015 01:04:02 AM] [INFO] : parameters : Count : 10 keywords : motorola%20e
[09/20/2015 01:04:02 AM] [INFO] : executecall() starts
[09/20/2015 01:04:02 AM] [INFO] : parameters : url : https://affiliate-api.flipkart.net/affiliate/search/json?query=motorola%20e&resultCount=10
[09/20/2015 01:04:02 AM] [ERROR] : (6, 'Could not resolve host: affiliate-api.flipkart.net')
[09/20/2015 01:04:02 AM] [INFO] : getsearchonkeywords() ends
[09/20/2015 01:04:02 AM] [INFO] : getsearchonkeywords() starts
[09/20/2015 01:04:02 AM] [INFO] : parameters : Count : 10 keywords : motorola%20e
[09/20/2015 01:04:02 AM] [INFO] : executecall() starts
[09/20/2015 01:04:02 AM] [INFO] : parameters : url : https://affiliate-api.flipkart.net/affiliate/search/json?query=motorola%20e&resultCount=10
[09/20/2015 01:04:02 AM] [ERROR] : (6, 'Could not resolve host: affiliate-api.flipkart.net')
[09/20/2015 01:04:02 AM] [INFO] : getsearchonkeywords() ends
[09/20/2015 01:04:52 AM] [INFO] : lenovo laptop
[09/20/2015 01:04:52 AM] [INFO] : getsearchonkeywords() starts
[09/20/2015 01:04:52 AM] [INFO] : parameters : Count : 10 keywords : lenovo%20laptop
[09/20/2015 01:04:52 AM] [INFO] : executecall() starts
[09/20/2015 01:04:52 AM] [INFO] : parameters : url : https://affiliate-api.flipkart.net/affiliate/search/json?query=lenovo%20laptop&resultCount=10
[09/20/2015 01:04:52 AM] [ERROR] : Expecting value: line 1 column 1 (char 0)
[09/20/2015 01:04:52 AM] [INFO] : getsearchonkeywords() ends
[09/20/2015 01:04:52 AM] [INFO] : getsearchonkeywords() starts
[09/20/2015 01:04:52 AM] [INFO] : parameters : Count : 10 keywords : lenovo%20laptop
[09/20/2015 01:04:52 AM] [INFO] : executecall() starts
[09/20/2015 01:04:52 AM] [INFO] : parameters : url : https://affiliate-api.flipkart.net/affiliate/search/json?query=lenovo%20laptop&resultCount=10
[09/20/2015 01:04:53 AM] [ERROR] : Expecting value: line 1 column 1 (char 0)
[09/20/2015 01:04:53 AM] [INFO] : getsearchonkeywords() ends
[09/20/2015 01:04:53 AM] [INFO] : getsearchonkeywords() starts
[09/20/2015 01:04:53 AM] [INFO] : parameters : Count : 10 keywords : lenovo%20laptop
[09/20/2015 01:04:53 AM] [INFO] : executecall() starts
[09/20/2015 01:04:53 AM] [INFO] : parameters : url : https://affiliate-api.flipkart.net/affiliate/search/json?query=lenovo%20laptop&resultCount=10
[09/20/2015 01:04:54 AM] [ERROR] : Expecting value: line 1 column 1 (char 0)
[09/20/2015 01:04:54 AM] [INFO] : getsearchonkeywords() ends
[09/20/2015 01:07:24 AM] [INFO] : lenovo laptop
[09/20/2015 01:07:24 AM] [INFO] : getsearchonkeywords() starts
[09/20/2015 01:07:24 AM] [INFO] : parameters : Count : 10 keywords : lenovo%20laptop
[09/20/2015 01:07:24 AM] [INFO] : executecall() starts
[09/20/2015 01:07:24 AM] [INFO] : parameters : url : https://affiliate-api.flipkart.net/affiliate/search/json?query=lenovo%20laptop&resultCount=10
[09/20/2015 01:07:24 AM] [ERROR] : (6, 'Could not resolve host: affiliate-api.flipkart.net')
[09/20/2015 01:07:24 AM] [INFO] : getsearchonkeywords() ends
[09/20/2015 01:07:24 AM] [INFO] : getsearchonkeywords() starts
[09/20/2015 01:07:24 AM] [INFO] : parameters : Count : 10 keywords : lenovo%20laptop
[09/20/2015 01:07:24 AM] [INFO] : executecall() starts
[09/20/2015 01:07:24 AM] [INFO] : parameters : url : https://affiliate-api.flipkart.net/affiliate/search/json?query=lenovo%20laptop&resultCount=10
[09/20/2015 01:07:39 AM] [ERROR] : Expecting value: line 1 column 1 (char 0)
[09/20/2015 01:07:40 AM] [INFO] : getsearchonkeywords() ends
[09/20/2015 01:07:43 AM] [INFO] : getsearchonkeywords() starts
[09/20/2015 01:07:43 AM] [INFO] : parameters : Count : 10 keywords : lenovo%20laptop
[09/20/2015 01:07:43 AM] [INFO] : executecall() starts
[09/20/2015 01:07:43 AM] [INFO] : parameters : url : https://affiliate-api.flipkart.net/affiliate/search/json?query=lenovo%20laptop&resultCount=10
[09/20/2015 01:07:47 AM] [ERROR] : Expecting value: line 1 column 1 (char 0)
[09/20/2015 01:07:47 AM] [INFO] : getsearchonkeywords() ends
[09/20/2015 01:08:03 AM] [INFO] : lenovo laptop
[09/20/2015 01:08:03 AM] [INFO] : getsearchonkeywords() starts
[09/20/2015 01:08:03 AM] [INFO] : parameters : Count : 10 keywords : lenovo%20laptop
[09/20/2015 01:08:03 AM] [INFO] : executecall() starts
[09/20/2015 01:08:03 AM] [INFO] : parameters : url : https://affiliate-api.flipkart.net/affiliate/search/json?query=lenovo%20laptop&resultCount=10
[09/20/2015 01:08:56 AM] [ERROR] : Expecting value: line 1 column 1 (char 0)
[09/20/2015 01:08:56 AM] [INFO] : getsearchonkeywords() ends
[09/20/2015 01:08:56 AM] [INFO] : getsearchonkeywords() starts
[09/20/2015 01:08:56 AM] [INFO] : parameters : Count : 10 keywords : lenovo%20laptop
[09/20/2015 01:08:56 AM] [INFO] : executecall() starts
[09/20/2015 01:08:56 AM] [INFO] : parameters : url : https://affiliate-api.flipkart.net/affiliate/search/json?query=lenovo%20laptop&resultCount=10
[09/20/2015 01:09:12 AM] [ERROR] : Expecting value: line 1 column 1 (char 0)
[09/20/2015 01:09:12 AM] [INFO] : getsearchonkeywords() ends
[09/20/2015 01:09:12 AM] [INFO] : getsearchonkeywords() starts
[09/20/2015 01:09:12 AM] [INFO] : parameters : Count : 10 keywords : lenovo%20laptop
[09/20/2015 01:09:12 AM] [INFO] : executecall() starts
[09/20/2015 01:09:12 AM] [INFO] : parameters : url : https://affiliate-api.flipkart.net/affiliate/search/json?query=lenovo%20laptop&resultCount=10
[09/20/2015 01:09:17 AM] [ERROR] : Expecting value: line 1 column 1 (char 0)
[09/20/2015 01:09:17 AM] [INFO] : getsearchonkeywords() ends
[09/20/2015 01:16:53 AM] [INFO] : lenovo laptop
[09/20/2015 01:16:53 AM] [INFO] : getsearchonkeywords() starts
[09/20/2015 01:16:53 AM] [INFO] : parameters : Count : 10 keywords : lenovo%20laptop
[09/20/2015 01:16:53 AM] [INFO] : executecall() starts
[09/20/2015 01:16:53 AM] [INFO] : parameters : url : https://affiliate-api.flipkart.net/affiliate/search/json?query=lenovo%20laptop&resultCount=10
[09/20/2015 01:17:09 AM] [ERROR] : Expecting value: line 1 column 1 (char 0)
[09/20/2015 01:17:10 AM] [INFO] : getsearchonkeywords() ends
[09/20/2015 01:17:13 AM] [INFO] : getsearchonkeywords() starts
[09/20/2015 01:17:16 AM] [INFO] : parameters : Count : 10 keywords : lenovo%20laptop
[09/20/2015 01:17:16 AM] [INFO] : executecall() starts
[09/20/2015 01:17:16 AM] [INFO] : parameters : url : https://affiliate-api.flipkart.net/affiliate/search/json?query=lenovo%20laptop&resultCount=10
[09/20/2015 01:17:18 AM] [ERROR] : Expecting value: line 1 column 1 (char 0)
[09/20/2015 01:17:18 AM] [INFO] : getsearchonkeywords() ends
[09/20/2015 01:17:18 AM] [INFO] : getsearchonkeywords() starts
[09/20/2015 01:17:18 AM] [INFO] : parameters : Count : 10 keywords : lenovo%20laptop
[09/20/2015 01:17:18 AM] [INFO] : executecall() starts
[09/20/2015 01:17:18 AM] [INFO] : parameters : url : https://affiliate-api.flipkart.net/affiliate/search/json?query=lenovo%20laptop&resultCount=10
[09/20/2015 01:17:19 AM] [ERROR] : Expecting value: line 1 column 1 (char 0)
[09/20/2015 01:17:19 AM] [INFO] : getsearchonkeywords() ends
lenovo laptop
getsearchonkeywords() starts
parameters : Count : 10 keywords : lenovo%20laptop
executecall() starts
parameters : url : https://affiliate-api.flipkart.net/affiliate/search/json?query=lenovo%20laptop&resultCount=10
Expecting value: line 1 column 1 (char 0)
getsearchonkeywords() ends
getsearchonkeywords() starts
parameters : Count : 10 keywords : lenovo%20laptop
executecall() starts
parameters : url : https://affiliate-api.flipkart.net/affiliate/search/json?query=lenovo%20laptop&resultCount=10
Expecting value: line 1 column 1 (char 0)
getsearchonkeywords() ends
getsearchonkeywords() starts
parameters : Count : 10 keywords : lenovo%20laptop
executecall() starts
parameters : url : https://affiliate-api.flipkart.net/affiliate/search/json?query=lenovo%20laptop&resultCount=10
Expecting value: line 1 column 1 (char 0)
getsearchonkeywords() ends
nokia lumia 1020
getsearchonkeywords() starts
parameters : Count : 10 keywords : nokia%20lumia%201020
executecall() starts
parameters : url : https://affiliate-api.flipkart.net/affiliate/search/json?query=nokia%20lumia%201020&resultCount=10
nokia lumia 1020
getsearchonkeywords() starts
parameters : Count : 10 keywords : nokia%20lumia%201020
executecall() starts
parameters : url : https://affiliate-api.flipkart.net/affiliate/search/json?query=nokia%20lumia%201020&resultCount=10
Expecting value: line 1 column 1 (char 0)
getsearchonkeywords() ends
getsearchonkeywords() starts
parameters : Count : 10 keywords : nokia%20lumia%201020
executecall() starts
parameters : url : https://affiliate-api.flipkart.net/affiliate/search/json?query=nokia%20lumia%201020&resultCount=10
Expecting value: line 1 column 1 (char 0)
getsearchonkeywords() ends
getsearchonkeywords() starts
parameters : Count : 10 keywords : nokia%20lumia%201020
executecall() starts
parameters : url : https://affiliate-api.flipkart.net/affiliate/search/json?query=nokia%20lumia%201020&resultCount=10
Expecting value: line 1 column 1 (char 0)
getsearchonkeywords() ends
motorola e
getsearchonkeywords() starts
parameters : Count : 10 keywords : motorola%20e
executecall() starts
parameters : url : https://affiliate-api.flipkart.net/affiliate/search/json?query=motorola%20e&resultCount=10
(6, 'Could not resolve host: affiliate-api.flipkart.net')
getsearchonkeywords() ends
getsearchonkeywords() starts
parameters : Count : 10 keywords : motorola%20e
executecall() starts
parameters : url : https://affiliate-api.flipkart.net/affiliate/search/json?query=motorola%20e&resultCount=10
Expecting value: line 1 column 1 (char 0)
getsearchonkeywords() ends
getsearchonkeywords() starts
parameters : Count : 10 keywords : motorola%20e
executecall() starts
parameters : url : https://affiliate-api.flipkart.net/affiliate/search/json?query=motorola%20e&resultCount=10
Expecting value: line 1 column 1 (char 0)
getsearchonkeywords() ends
motorola e
getsearchonkeywords() starts
parameters : Count : 10 keywords : motorola%20e
executecall() starts
parameters : url : https://affiliate-api.flipkart.net/affiliate/search/json?query=motorola%20e&resultCount=10
(6, 'Could not resolve host: affiliate-api.flipkart.net')
getsearchonkeywords() ends
getsearchonkeywords() starts
parameters : Count : 10 keywords : motorola%20e
executecall() starts
parameters : url : https://affiliate-api.flipkart.net/affiliate/search/json?query=motorola%20e&resultCount=10
(6, 'Could not resolve host: affiliate-api.flipkart.net')
getsearchonkeywords() ends
getsearchonkeywords() starts
parameters : Count : 10 keywords : motorola%20e
executecall() starts
parameters : url : https://affiliate-api.flipkart.net/affiliate/search/json?query=motorola%20e&resultCount=10
(6, 'Could not resolve host: affiliate-api.flipkart.net')
getsearchonkeywords() ends
harry potter book
getsearchonkeywords() starts
parameters : Count : 10 keywords : harry%20potter%20book
executecall() starts
parameters : url : https://affiliate-api.flipkart.net/affiliate/search/json?query=harry%20potter%20book&resultCount=10
Expecting value: line 1 column 1 (char 0)
getsearchonkeywords() ends
getsearchonkeywords() starts
parameters : Count : 10 keywords : harry%20potter%20book
executecall() starts
parameters : url : https://affiliate-api.flipkart.net/affiliate/search/json?query=harry%20potter%20book&resultCount=10
harry potter book
getsearchonkeywords() starts
parameters : Count : 10 keywords : harry%20potter%20book
executecall() starts
parameters : url : https://affiliate-api.flipkart.net/affiliate/search/json?query=harry%20potter%20book&resultCount=10
Expecting value: line 1 column 1 (char 0)
getsearchonkeywords() ends
getsearchonkeywords() starts
parameters : Count : 10 keywords : harry%20potter%20book
executecall() starts
parameters : url : https://affiliate-api.flipkart.net/affiliate/search/json?query=harry%20potter%20book&resultCount=10
Expecting value: line 1 column 1 (char 0)
getsearchonkeywords() ends
getsearchonkeywords() starts
parameters : Count : 10 keywords : harry%20potter%20book
executecall() starts
parameters : url : https://affiliate-api.flipkart.net/affiliate/search/json?query=harry%20potter%20book&resultCount=10
Expecting value: line 1 column 1 (char 0)
getsearchonkeywords() ends
motorola e
getsearchonkeywords() starts
parameters : Count : 10 keywords : motorola%20e
executecall() starts
parameters : url : https://affiliate-api.flipkart.net/affiliate/search/json?query=motorola%20e&resultCount=10
executecall() ends
getsearchonkeywords() ends
motorola e
getsearchonkeywords() starts
parameters : Count : 10 keywords : motorola%20e
executecall() starts
parameters : url : https://affiliate-api.flipkart.net/affiliate/search/json?query=motorola%20e&resultCount=10
executecall() ends
getsearchonkeywords() ends
mahe
getsearchonkeywords() starts
parameters : Count : 10 keywords : mahe
executecall() starts
parameters : url : https://affiliate-api.flipkart.net/affiliate/search/json?query=mahe&resultCount=10
(6, 'Could not resolve host: affiliate-api.flipkart.net')
getsearchonkeywords() ends
getsearchonkeywords() starts
parameters : Count : 10 keywords : mahe
executecall() starts
parameters : url : https://affiliate-api.flipkart.net/affiliate/search/json?query=mahe&resultCount=10
(6, 'Could not resolve host: affiliate-api.flipkart.net')
getsearchonkeywords() ends
getsearchonkeywords() starts
parameters : Count : 10 keywords : mahe
executecall() starts
parameters : url : https://affiliate-api.flipkart.net/affiliate/search/json?query=mahe&resultCount=10
(6, 'Could not resolve host: affiliate-api.flipkart.net')
getsearchonkeywords() ends
mahe
getsearchonkeywords() starts
parameters : Count : 10 keywords : mahe
executecall() starts
parameters : url : https://affiliate-api.flipkart.net/affiliate/search/json?query=mahe&resultCount=10
executecall() ends
getsearchonkeywords() ends
mahe
motorola e
motorola e
nokia lumia 1020
getsearchonkeywords() starts
parameters : Count : 10 keywords : nokia%20lumia%201020
executecall() starts
parameters : url : https://affiliate-api.flipkart.net/affiliate/search/json?query=nokia%20lumia%201020&resultCount=10
executecall() ends
getsearchonkeywords() ends
nokia lumia 1020
nokia lumia 1020
nokia lumia 1020
nokia lumia 1020
harry potter book
getsearchonkeywords() starts
parameters : Count : 10 keywords : harry%20potter%20book
executecall() starts
parameters : url : https://affiliate-api.flipkart.net/affiliate/search/json?query=harry%20potter%20book&resultCount=10
(7, 'Failed to connect to affiliate-api.flipkart.net port 443: Timed out')
getsearchonkeywords() ends
getsearchonkeywords() starts
parameters : Count : 10 keywords : harry%20potter%20book
executecall() starts
parameters : url : https://affiliate-api.flipkart.net/affiliate/search/json?query=harry%20potter%20book&resultCount=10
(7, 'Failed to connect to affiliate-api.flipkart.net port 443: Timed out')
getsearchonkeywords() ends
getsearchonkeywords() starts
parameters : Count : 10 keywords : harry%20potter%20book
executecall() starts
parameters : url : https://affiliate-api.flipkart.net/affiliate/search/json?query=harry%20potter%20book&resultCount=10
executecall() ends
getsearchonkeywords() ends
nokia lumia 1020
motorola e
motorola e
motorola e
motorola e
motorola e
motorola e
motorola e
motorola e
motorola e
motorola e
motorola e
motorola e
motorola e
motorola e
motorola e
motorola e
motorola e
motorola e
motorola e
motorola e
motorola e
motorola e
motorola e
motorola e
motorola e
motorola e
motorola e
motorola e


nokia lumia 1020



harry potter book


harry potter book




motorola e


motorola e
motorola e
motorola e
getsearchonkeywords() starts
parameters : Count : 10 keywords : motorola%20e
executecall() starts
parameters : url : https://affiliate-api.flipkart.net/affiliate/search/json?query=motorola%20e&resultCount=10
executecall() ends
getsearchonkeywords() ends
motorola e/
getsearchonkeywords() starts
parameters : Count : 10 keywords : motorola%20e/
executecall() starts
parameters : url : https://affiliate-api.flipkart.net/affiliate/search/json?query=motorola%20e/&resultCount=10
executecall() ends
getsearchonkeywords() ends
motorola e/
motorola e/
motorola e/
motorola e/
motorola e/
motorola e/
motorola e/
motorola e/
motorola e/
motorola
getsearchonkeywords() starts
parameters : Count : 10 keywords : motorola
executecall() starts
parameters : url : https://affiliate-api.flipkart.net/affiliate/search/json?query=motorola&resultCount=10
executecall() ends
getsearchonkeywords() ends
motorola e/
motorola e/
motorola/
getsearchonkeywords() starts
parameters : Count : 10 keywords : motorola/
executecall() starts
parameters : url : https://affiliate-api.flipkart.net/affiliate/search/json?query=motorola/&resultCount=10
executecall() ends
getsearchonkeywords() ends
motorola/
motorola/
motorola/
motorola/
nokia/
getsearchonkeywords() starts
parameters : Count : 10 keywords : nokia/
executecall() starts
parameters : url : https://affiliate-api.flipkart.net/affiliate/search/json?query=nokia/&resultCount=10
Expecting value: line 1 column 1 (char 0)
getsearchonkeywords() ends
getsearchonkeywords() starts
parameters : Count : 10 keywords : nokia/
executecall() starts
parameters : url : https://affiliate-api.flipkart.net/affiliate/search/json?query=nokia/&resultCount=10
executecall() ends
getsearchonkeywords() ends
nokia/
nokia/
nokia/
nokia/
nokia/
nokia/
nokia/
thomas harris/
getsearchonkeywords() starts
parameters : Count : 10 keywords : thomas%20harris/
executecall() starts
parameters : url : https://affiliate-api.flipkart.net/affiliate/search/json?query=thomas%20harris/&resultCount=10
(6, 'Could not resolve host: affiliate-api.flipkart.net')
getsearchonkeywords() ends
getsearchonkeywords() starts
parameters : Count : 10 keywords : thomas%20harris/
executecall() starts
parameters : url : https://affiliate-api.flipkart.net/affiliate/search/json?query=thomas%20harris/&resultCount=10
executecall() ends
getsearchonkeywords() ends
thomas harris/
thomas harris/
thomas harris/
thomas harris/
thomas harris/
thomas harris/
thomas harris/
thomas harris/
thomas harris/
thomas harris/
thomas harris/
thomas harris/
thomas harris/
thomas harris/
thomas harris/
thomas harris/
thomas harris/
thomas harris/
thomas harris/
thomas harris/
thomas harris/
thomas harris/
thomas harris/
thomas harris/
thomas harris/
thomas harris/
thomas harris/
thomas harris/
motorola e/
motorola e/
motorola e/
motorola e/
motorola e/
motorola/
motorola/
motorola e/
nokia lumia 1020/
getsearchonkeywords() starts
parameters : Count : 10 keywords : nokia%20lumia%201020/
executecall() starts
parameters : url : https://affiliate-api.flipkart.net/affiliate/search/json?query=nokia%20lumia%201020/&resultCount=10
executecall() ends
getsearchonkeywords() ends
nokia lumia 1020/
nokia lumia 1020/
nokia lumia 1020/
nokia lumia 1020/
motorola e/
lava iris/
getsearchonkeywords() starts
parameters : Count : 10 keywords : lava%20iris/
executecall() starts
parameters : url : https://affiliate-api.flipkart.net/affiliate/search/json?query=lava%20iris/&resultCount=10
executecall() ends
getsearchonkeywords() ends
lava iris/
lava iris/
lava iris/
lava iris/
lava iris/
lava iris/
lava iris/
lava iris/
lava iris/
lava iris/
lava iris/
lava iris/
lava iris/
lava iris/
lava iris/
lava iris/
lava iris/
lava iris/
nokia lumia 1020/
MOBDZKH6XYX2SB7S/
getsearchonkeywords() starts
parameters : Count : 10 keywords : MOBDZKH6XYX2SB7S/
executecall() starts
parameters : url : https://affiliate-api.flipkart.net/affiliate/search/json?query=MOBDZKH6XYX2SB7S/&resultCount=10
executecall() ends
getsearchonkeywords() ends
MOBDZKH6XYX2SB7S/
LAVAIRIS/
getsearchonkeywords() starts
parameters : Count : 10 keywords : LAVAIRIS/
executecall() starts
parameters : url : https://affiliate-api.flipkart.net/affiliate/search/json?query=LAVAIRIS/&resultCount=10
Expecting value: line 1 column 1 (char 0)
getsearchonkeywords() ends
getsearchonkeywords() starts
parameters : Count : 10 keywords : LAVAIRIS/
executecall() starts
parameters : url : https://affiliate-api.flipkart.net/affiliate/search/json?query=LAVAIRIS/&resultCount=10
executecall() ends
getsearchonkeywords() ends
LAVAIRIS/
LAVAIRIS/
LAVAIRIS/
LAVAIRIS/
LAVAIRIS/
LAVAIRIS/
LAVAIRIS/
LAVAIRIS/
LAVAIRIS/
LAVAIRIS/
LAVAIRIS/
LAVAIRIS/
LAVAIRIS/
LAVAIRIS/
MOBE6ZU6AARQN9CH/
getsearchonkeywords() starts
parameters : Count : 10 keywords : MOBE6ZU6AARQN9CH/
executecall() starts
parameters : url : https://affiliate-api.flipkart.net/affiliate/search/json?query=MOBE6ZU6AARQN9CH/&resultCount=10
executecall() ends
getsearchonkeywords() ends
lenovo laptop/
getsearchonkeywords() starts
parameters : Count : 10 keywords : lenovo%20laptop/
executecall() starts
parameters : url : https://affiliate-api.flipkart.net/affiliate/search/json?query=lenovo%20laptop/&resultCount=10
executecall() ends
getsearchonkeywords() ends
lenovo laptop/
lenovo laptop/
lenovo laptop/
motorola e/
getsearchonkeywords() starts
parameters : Count : 10 keywords : motorola%20e/
executecall() starts
parameters : url : https://affiliate-api.flipkart.net/affiliate/search/json?query=motorola%20e/&resultCount=10
executecall() ends
getsearchonkeywords() ends
harry potter book/
getsearchonkeywords() starts
parameters : Count : 10 keywords : harry%20potter%20book/
executecall() starts
parameters : url : https://affiliate-api.flipkart.net/affiliate/search/json?query=harry%20potter%20book/&resultCount=10
executecall() ends
getsearchonkeywords() ends
nokia lumia 1020/
getsearchonkeywords() starts
parameters : Count : 10 keywords : nokia%20lumia%201020/
executecall() starts
parameters : url : https://affiliate-api.flipkart.net/affiliate/search/json?query=nokia%20lumia%201020/&resultCount=10
motorola e/
getsearchonkeywords() starts
parameters : Count : 10 keywords : motorola%20e/
executecall() starts
parameters : url : https://affiliate-api.flipkart.net/affiliate/search/json?query=motorola%20e/&resultCount=10
Expecting value: line 1 column 1 (char 0)
getsearchonkeywords() ends
motorola e/
getsearchonkeywords() starts
parameters : Count : 10 keywords : motorola%20e/
executecall() starts
parameters : url : https://affiliate-api.flipkart.net/affiliate/search/json?query=motorola%20e/&resultCount=10
Expecting value: line 1 column 1 (char 0)
getsearchonkeywords() ends
motorola e/
getsearchonkeywords() starts
parameters : Count : 10 keywords : motorola%20e/
executecall() starts
parameters : url : https://affiliate-api.flipkart.net/affiliate/search/json?query=motorola%20e/&resultCount=10
Expecting value: line 1 column 1 (char 0)
getsearchonkeywords() ends
motorola e/
getsearchonkeywords() starts
parameters : Count : 10 keywords : motorola%20e/
executecall() starts
parameters : url : https://affiliate-api.flipkart.net/affiliate/search/json?query=motorola%20e/&resultCount=10
executecall() ends
motorola e/
getsearchonkeywords() ends
getsearchonkeywords() starts
parameters : Count : 10 keywords : motorola%20e/
executecall() starts
parameters : url : https://affiliate-api.flipkart.net/affiliate/search/json?query=motorola%20e/&resultCount=10
executecall() ends
getsearchonkeywords() ends
MOBE4G6GTTD33ZUT/
getsearchonkeywords() starts
parameters : Count : 10 keywords : MOBE4G6GTTD33ZUT/
executecall() starts
parameters : url : https://affiliate-api.flipkart.net/affiliate/search/json?query=MOBE4G6GTTD33ZUT/&resultCount=10
C:\Program Files (x86)\JetBrains\PyCharm 4.5.1\helpers\pydev\pydevd_resolver.py:191: RemovedInDjango19Warning: `request.REQUEST` is deprecated, use `request.GET` or `request.POST` instead.
  attr = getattr(var, n)

C:\Python34\lib\site-packages\django\core\handlers\wsgi.py:126: RemovedInDjango19Warning: `MergeDict` is deprecated, use `dict.update()` instead.
  self._request = datastructures.MergeDict(self.POST, self.GET)

executecall() ends
getsearchonkeywords() ends
MOBE4G6GTTD33ZUT/
MOBE4G6GTTD33ZUT/
MOBE4G6GTTD33ZUT/
MOBE4G6GTTD33ZUT/
MOBE4G6GTTD33ZUT/
MOBE4G6GTTD33ZUT/
MOBE4G6GTTD33ZUT/
MOBE4G6GTTD33ZUT/
MOBE4G6GTTD33ZUT/
MOBE4G6GTTD33ZUT/
MOBE4G6GTTD33ZUT/
MOBE4G6GTTD33ZUT/
getsearchonkeywords() starts
parameters : Count : 10 keywords : MOBE4G6GTTD33ZUT/
executecall() starts
parameters : url : https://affiliate-api.flipkart.net/affiliate/search/json?query=MOBE4G6GTTD33ZUT/&resultCount=10
(6, 'Could not resolve host: affiliate-api.flipkart.net')
getsearchonkeywords() ends
MOBE4G6GTTD33ZUT/
getsearchonkeywords() starts
parameters : Count : 10 keywords : MOBE4G6GTTD33ZUT/
executecall() starts
parameters : url : https://affiliate-api.flipkart.net/affiliate/search/json?query=MOBE4G6GTTD33ZUT/&resultCount=10
executecall() ends
getsearchonkeywords() ends
MOBE4G6GTTD33ZUT/
MOBE4G6GTTD33ZUT/
motorola e/
getsearchonkeywords() starts
parameters : Count : 10 keywords : motorola%20e/
executecall() starts
parameters : url : https://affiliate-api.flipkart.net/affiliate/search/json?query=motorola%20e/&resultCount=10
(6, 'Could not resolve host: affiliate-api.flipkart.net')
getsearchonkeywords() ends
nokia lumia 1020/
getsearchonkeywords() starts
parameters : Count : 10 keywords : nokia%20lumia%201020/
executecall() starts
parameters : url : https://affiliate-api.flipkart.net/affiliate/search/json?query=nokia%20lumia%201020/&resultCount=10
executecall() ends
getsearchonkeywords() ends
getsearchonkeywords() starts
parameters : Count : 10 keywords : nokia%20lumia%201020/
executecall() starts
parameters : url : https://affiliate-api.flipkart.net/affiliate/search/json?query=nokia%20lumia%201020/&resultCount=10
executecall() ends
getsearchonkeywords() ends
getsearchonkeywords() starts
parameters : Count : 10 keywords : nokia%20lumia%201020/
executecall() starts
parameters : url : https://affiliate-api.flipkart.net/affiliate/search/json?query=nokia%20lumia%201020/&resultCount=10
executecall() ends
getsearchonkeywords() ends
MOBDZKH69HGSZX9N/
getsearchonkeywords() starts
parameters : Count : 10 keywords : MOBDZKH69HGSZX9N/
executecall() starts
parameters : url : https://affiliate-api.flipkart.net/affiliate/search/json?query=MOBDZKH69HGSZX9N/&resultCount=10
executecall() ends
getsearchonkeywords() ends
Mobile phone/
getsearchonkeywords() starts
parameters : Count : 10 keywords : Mobile%20phone/
executecall() starts
parameters : url : https://affiliate-api.flipkart.net/affiliate/search/json?query=Mobile%20phone/&resultCount=10
Expecting value: line 1 column 1 (char 0)
getsearchonkeywords() ends
Mobile phone/
getsearchonkeywords() starts
parameters : Count : 10 keywords : Mobile%20phone/
executecall() starts
parameters : url : https://affiliate-api.flipkart.net/affiliate/search/json?query=Mobile%20phone/&resultCount=10
Expecting value: line 1 column 1 (char 0)
getsearchonkeywords() ends
Mobile phone/
getsearchonkeywords() starts
parameters : Count : 10 keywords : Mobile%20phone/
executecall() starts
parameters : url : https://affiliate-api.flipkart.net/affiliate/search/json?query=Mobile%20phone/&resultCount=10
Mobile phone/
getsearchonkeywords() starts
parameters : Count : 10 keywords : Mobile%20phone/
executecall() starts
parameters : url : https://affiliate-api.flipkart.net/affiliate/search/json?query=Mobile%20phone/&resultCount=10
Mobile phone/
getsearchonkeywords() starts
parameters : Count : 10 keywords : Mobile%20phone/
executecall() starts
parameters : url : https://affiliate-api.flipkart.net/affiliate/search/json?query=Mobile%20phone/&resultCount=10
Mobile phone/
getsearchonkeywords() starts
parameters : Count : 10 keywords : Mobile%20phone/
executecall() starts
Mobile phone/
parameters : url : https://affiliate-api.flipkart.net/affiliate/search/json?query=Mobile%20phone/&resultCount=10
getsearchonkeywords() starts
parameters : Count : 10 keywords : Mobile%20phone/
executecall() starts
parameters : url : https://affiliate-api.flipkart.net/affiliate/search/json?query=Mobile%20phone/&resultCount=10
Mobile phone/
getsearchonkeywords() starts
parameters : Count : 10 keywords : Mobile%20phone/
executecall() starts
parameters : url : https://affiliate-api.flipkart.net/affiliate/search/json?query=Mobile%20phone/&resultCount=10
Expecting value: line 1 column 1 (char 0)
getsearchonkeywords() ends
Mobile phone/
getsearchonkeywords() starts
parameters : Count : 10 keywords : Mobile%20phone/
executecall() starts
parameters : url : https://affiliate-api.flipkart.net/affiliate/search/json?query=Mobile%20phone/&resultCount=10
Expecting value: line 1 column 1 (char 0)
getsearchonkeywords() ends
Mobile phone/
getsearchonkeywords() starts
parameters : Count : 10 keywords : Mobile%20phone/
executecall() starts
parameters : url : https://affiliate-api.flipkart.net/affiliate/search/json?query=Mobile%20phone/&resultCount=10
Expecting value: line 1 column 1 (char 0)
getsearchonkeywords() ends
Expecting value: line 1 column 1 (char 0)
Expecting value: line 1 column 1 (char 0)
getsearchonkeywords() ends
getsearchonkeywords() ends
Expecting value: line 1 column 1 (char 0)
getsearchonkeywords() ends
Mobile phone/
getsearchonkeywords() starts
parameters : Count : 10 keywords : Mobile%20phone/
executecall() starts
parameters : url : https://affiliate-api.flipkart.net/affiliate/search/json?query=Mobile%20phone/&resultCount=10
Mobile phone/
getsearchonkeywords() starts
parameters : Count : 10 keywords : Mobile%20phone/
executecall() starts
parameters : url : https://affiliate-api.flipkart.net/affiliate/search/json?query=Mobile%20phone/&resultCount=10
Mobile phone/
getsearchonkeywords() starts
parameters : Count : 10 keywords : Mobile%20phone/
executecall() starts
parameters : url : https://affiliate-api.flipkart.net/affiliate/search/json?query=Mobile%20phone/&resultCount=10
Expecting value: line 1 column 1 (char 0)
getsearchonkeywords() ends
Expecting value: line 1 column 1 (char 0)
getsearchonkeywords() ends
Expecting value: line 1 column 1 (char 0)
getsearchonkeywords() ends
Expecting value: line 1 column 1 (char 0)
getsearchonkeywords() ends
Expecting value: line 1 column 1 (char 0)
getsearchonkeywords() ends
nokia lumia 1020/
getsearchonkeywords() starts
parameters : Count : 10 keywords : nokia%20lumia%201020/
executecall() starts
parameters : url : https://affiliate-api.flipkart.net/affiliate/search/json?query=nokia%20lumia%201020/&resultCount=10
executecall() ends
getsearchonkeywords() ends
getsearchonkeywords() starts
parameters : Count : 10 keywords : nokia%20lumia%201020/
executecall() starts
parameters : url : https://affiliate-api.flipkart.net/affiliate/search/json?query=nokia%20lumia%201020/&resultCount=10
executecall() ends
getsearchonkeywords() ends
getsearchonkeywords() starts
parameters : Count : 10 keywords : nokia%20lumia%201020/
executecall() starts
parameters : url : https://affiliate-api.flipkart.net/affiliate/search/json?query=nokia%20lumia%201020/&resultCount=10
executecall() ends
getsearchonkeywords() ends
MOBDZKH69HGSZX9N/
getsearchonkeywords() starts
parameters : Count : 10 keywords : MOBDZKH69HGSZX9N/
executecall() starts
parameters : url : https://affiliate-api.flipkart.net/affiliate/search/json?query=MOBDZKH69HGSZX9N/&resultCount=10
executecall() ends
getsearchonkeywords() ends
MOBDZKH69HGSZX9N/
getsearchonkeywords() starts
parameters : Count : 10 keywords : MOBDZKH69HGSZX9N/
executecall() starts
parameters : url : https://affiliate-api.flipkart.net/affiliate/search/json?query=MOBDZKH69HGSZX9N/&resultCount=10
executecall() ends
getsearchonkeywords() ends
mobile/
getsearchonkeywords() starts
parameters : Count : 10 keywords : mobile/
executecall() starts
parameters : url : https://affiliate-api.flipkart.net/affiliate/search/json?query=mobile/&resultCount=10
Expecting value: line 1 column 1 (char 0)
getsearchonkeywords() ends
mobile/
getsearchonkeywords() starts
parameters : Count : 10 keywords : mobile/
executecall() starts
parameters : url : https://affiliate-api.flipkart.net/affiliate/search/json?query=mobile/&resultCount=10
Expecting value: line 1 column 1 (char 0)
getsearchonkeywords() ends
mobile/
getsearchonkeywords() starts
parameters : Count : 10 keywords : mobile/
executecall() starts
parameters : url : https://affiliate-api.flipkart.net/affiliate/search/json?query=mobile/&resultCount=10
mobile/
getsearchonkeywords() starts
parameters : Count : 10 keywords : mobile/
executecall() starts
parameters : url : https://affiliate-api.flipkart.net/affiliate/search/json?query=mobile/&resultCount=10
mobile/
getsearchonkeywords() starts
parameters : Count : 10 keywords : mobile/
executecall() starts
parameters : url : https://affiliate-api.flipkart.net/affiliate/search/json?query=mobile/&resultCount=10
mobile/
getsearchonkeywords() starts
parameters : Count : 10 keywords : mobile/
executecall() starts
parameters : url : https://affiliate-api.flipkart.net/affiliate/search/json?query=mobile/&resultCount=10
mobile/
getsearchonkeywords() starts
parameters : Count : 10 keywords : mobile/
executecall() starts
parameters : url : https://affiliate-api.flipkart.net/affiliate/search/json?query=mobile/&resultCount=10
mobile/
mobile/
getsearchonkeywords() starts
mobile/
Expecting value: line 1 column 1 (char 0)
parameters : Count : 10 keywords : mobile/
executecall() starts
mobile/
mobile/
getsearchonkeywords() ends
parameters : url : https://affiliate-api.flipkart.net/affiliate/search/json?query=mobile/&resultCount=10
mobile/
getsearchonkeywords() starts
parameters : Count : 10 keywords : mobile/
getsearchonkeywords() starts
parameters : Count : 10 keywords : mobile/
getsearchonkeywords() starts
parameters : Count : 10 keywords : mobile/
executecall() starts
parameters : url : https://affiliate-api.flipkart.net/affiliate/search/json?query=mobile/&resultCount=10
getsearchonkeywords() starts
parameters : Count : 10 keywords : mobile/
executecall() starts
executecall() starts
parameters : url : https://affiliate-api.flipkart.net/affiliate/search/json?query=mobile/&resultCount=10
parameters : url : https://affiliate-api.flipkart.net/affiliate/search/json?query=mobile/&resultCount=10
executecall() starts
parameters : url : https://affiliate-api.flipkart.net/affiliate/search/json?query=mobile/&resultCount=10
getsearchonkeywords() starts
parameters : Count : 10 keywords : mobile/
executecall() starts
parameters : url : https://affiliate-api.flipkart.net/affiliate/search/json?query=mobile/&resultCount=10
Expecting value: line 1 column 1 (char 0)
Expecting value: line 1 column 1 (char 0)
Expecting value: line 1 column 1 (char 0)
getsearchonkeywords() ends
Expecting value: line 1 column 1 (char 0)
Expecting value: line 1 column 1 (char 0)
getsearchonkeywords() ends
Expecting value: line 1 column 1 (char 0)
getsearchonkeywords() ends
getsearchonkeywords() ends
getsearchonkeywords() ends
getsearchonkeywords() ends
mobile/
mobile/
getsearchonkeywords() starts
parameters : Count : 10 keywords : mobile/
executecall() starts
parameters : url : https://affiliate-api.flipkart.net/affiliate/search/json?query=mobile/&resultCount=10
(6, 'Could not resolve host: affiliate-api.flipkart.net')
getsearchonkeywords() ends
mobile/
getsearchonkeywords() starts
parameters : Count : 10 keywords : mobile/
executecall() starts
parameters : url : https://affiliate-api.flipkart.net/affiliate/search/json?query=mobile/&resultCount=10
Expecting value: line 1 column 1 (char 0)
getsearchonkeywords() ends
mobile/
getsearchonkeywords() starts
parameters : Count : 10 keywords : mobile/
executecall() starts
parameters : url : https://affiliate-api.flipkart.net/affiliate/search/json?query=mobile/&resultCount=10
Expecting value: line 1 column 1 (char 0)
getsearchonkeywords() ends
mobile/
getsearchonkeywords() starts
parameters : Count : 10 keywords : mobile/
executecall() starts
parameters : url : https://affiliate-api.flipkart.net/affiliate/search/json?query=mobile/&resultCount=10
mobile/
getsearchonkeywords() starts
parameters : Count : 10 keywords : mobile/
executecall() starts
parameters : url : https://affiliate-api.flipkart.net/affiliate/search/json?query=mobile/&resultCount=10
mobile/
getsearchonkeywords() starts
parameters : Count : 10 keywords : mobile/
executecall() starts
parameters : url : https://affiliate-api.flipkart.net/affiliate/search/json?query=mobile/&resultCount=10
mobile/
getsearchonkeywords() starts
parameters : Count : 10 keywords : mobile/
executecall() starts
parameters : url : https://affiliate-api.flipkart.net/affiliate/search/json?query=mobile/&resultCount=10
Expecting value: line 1 column 1 (char 0)
getsearchonkeywords() ends
mobile/
getsearchonkeywords() starts
parameters : Count : 10 keywords : mobile/
executecall() starts
parameters : url : https://affiliate-api.flipkart.net/affiliate/search/json?query=mobile/&resultCount=10
Expecting value: line 1 column 1 (char 0)
getsearchonkeywords() ends
Expecting value: line 1 column 1 (char 0)
getsearchonkeywords() ends
Expecting value: line 1 column 1 (char 0)
getsearchonkeywords() ends
Expecting value: line 1 column 1 (char 0)
getsearchonkeywords() ends
mobile/
getsearchonkeywords() starts
parameters : Count : 10 keywords : mobile/
executecall() starts
parameters : url : https://affiliate-api.flipkart.net/affiliate/search/json?query=mobile/&resultCount=10
mobile/
getsearchonkeywords() starts
parameters : Count : 10 keywords : mobile/
executecall() starts
parameters : url : https://affiliate-api.flipkart.net/affiliate/search/json?query=mobile/&resultCount=10
mobile/
getsearchonkeywords() starts
parameters : Count : 10 keywords : mobile/
executecall() starts
parameters : url : https://affiliate-api.flipkart.net/affiliate/search/json?query=mobile/&resultCount=10
mobile/
getsearchonkeywords() starts
parameters : Count : 10 keywords : mobile/
executecall() starts
parameters : url : https://affiliate-api.flipkart.net/affiliate/search/json?query=mobile/&resultCount=10
mobile/
getsearchonkeywords() starts
parameters : Count : 10 keywords : mobile/
executecall() starts
parameters : url : https://affiliate-api.flipkart.net/affiliate/search/json?query=mobile/&resultCount=10
mobile/
getsearchonkeywords() starts
parameters : Count : 10 keywords : mobile/
executecall() starts
parameters : url : https://affiliate-api.flipkart.net/affiliate/search/json?query=mobile/&resultCount=10
Expecting value: line 1 column 1 (char 0)
getsearchonkeywords() ends
executecall() ends
getsearchonkeywords() ends
mobile/
getsearchonkeywords() starts
parameters : Count : 10 keywords : mobile/
executecall() starts
parameters : url : https://affiliate-api.flipkart.net/affiliate/search/json?query=mobile/&resultCount=10
executecall() ends
getsearchonkeywords() ends
executecall() ends
getsearchonkeywords() ends
mobile/
getsearchonkeywords() starts
parameters : Count : 10 keywords : mobile/
executecall() starts
parameters : url : https://affiliate-api.flipkart.net/affiliate/search/json?query=mobile/&resultCount=10
Expecting value: line 1 column 1 (char 0)
getsearchonkeywords() ends
Expecting value: line 1 column 1 (char 0)
getsearchonkeywords() ends
executecall() ends
getsearchonkeywords() ends
mobile/
getsearchonkeywords() starts
parameters : Count : 10 keywords : mobile/
executecall() starts
parameters : url : https://affiliate-api.flipkart.net/affiliate/search/json?query=mobile/&resultCount=10
Expecting value: line 1 column 1 (char 0)
getsearchonkeywords() ends
executecall() ends
getsearchonkeywords() ends
mobile/
getsearchonkeywords() starts
parameters : Count : 10 keywords : mobile/
executecall() starts
parameters : url : https://affiliate-api.flipkart.net/affiliate/search/json?query=mobile/&resultCount=10
mobile/
getsearchonkeywords() starts
parameters : Count : 10 keywords : mobile/
executecall() starts
parameters : url : https://affiliate-api.flipkart.net/affiliate/search/json?query=mobile/&resultCount=10
mobile/
getsearchonkeywords() starts
parameters : Count : 10 keywords : mobile/
executecall() starts
parameters : url : https://affiliate-api.flipkart.net/affiliate/search/json?query=mobile/&resultCount=10
mobile/
getsearchonkeywords() starts
mobile/
parameters : Count : 10 keywords : mobile/
getsearchonkeywords() starts
executecall() starts
parameters : Count : 10 keywords : mobile/
parameters : url : https://affiliate-api.flipkart.net/affiliate/search/json?query=mobile/&resultCount=10
executecall() starts
parameters : url : https://affiliate-api.flipkart.net/affiliate/search/json?query=mobile/&resultCount=10
executecall() ends
getsearchonkeywords() ends
executecall() ends
getsearchonkeywords() ends
Expecting value: line 1 column 1 (char 0)
getsearchonkeywords() ends
executecall() ends
getsearchonkeywords() ends
executecall() ends
getsearchonkeywords() ends
mobile/
getsearchonkeywords() starts
parameters : Count : 10 keywords : mobile/
executecall() starts
parameters : url : https://affiliate-api.flipkart.net/affiliate/search/json?query=mobile/&resultCount=10
executecall() ends
getsearchonkeywords() ends
mobile/
getsearchonkeywords() starts
parameters : Count : 10 keywords : mobile/
executecall() starts
parameters : url : https://affiliate-api.flipkart.net/affiliate/search/json?query=mobile/&resultCount=10
executecall() ends
getsearchonkeywords() ends
mobile/
getsearchonkeywords() starts
parameters : Count : 10 keywords : mobile/
executecall() starts
parameters : url : https://affiliate-api.flipkart.net/affiliate/search/json?query=mobile/&resultCount=10
executecall() ends
getsearchonkeywords() ends
mobile/
getsearchonkeywords() starts
parameters : Count : 10 keywords : mobile/
executecall() starts
parameters : url : https://affiliate-api.flipkart.net/affiliate/search/json?query=mobile/&resultCount=10
executecall() ends
getsearchonkeywords() ends
mobile/
getsearchonkeywords() starts
parameters : Count : 10 keywords : mobile/
executecall() starts
parameters : url : https://affiliate-api.flipkart.net/affiliate/search/json?query=mobile/&resultCount=10
executecall() ends
getsearchonkeywords() ends
mobile/
getsearchonkeywords() starts
parameters : Count : 10 keywords : mobile/
executecall() starts
parameters : url : https://affiliate-api.flipkart.net/affiliate/search/json?query=mobile/&resultCount=10
executecall() ends
getsearchonkeywords() ends
mobilephone
getsearchonkeywords() starts
parameters : Count : 10 keywords : mobilephone
executecall() starts
parameters : url : https://affiliate-api.flipkart.net/affiliate/search/json?query=mobilephone&resultCount=10
Expecting value: line 1 column 1 (char 0)
getsearchonkeywords() ends
mobilephone
getsearchonkeywords() starts
parameters : Count : 10 keywords : mobilephone
executecall() starts
parameters : url : https://affiliate-api.flipkart.net/affiliate/search/json?query=mobilephone&resultCount=10
Expecting value: line 1 column 1 (char 0)
getsearchonkeywords() ends
mobilephone
getsearchonkeywords() starts
parameters : Count : 10 keywords : mobilephone
executecall() starts
parameters : url : https://affiliate-api.flipkart.net/affiliate/search/json?query=mobilephone&resultCount=10
(6, 'Could not resolve host: affiliate-api.flipkart.net')
getsearchonkeywords() ends
mobilephone
getsearchonkeywords() starts
parameters : Count : 10 keywords : mobilephone
executecall() starts
parameters : url : https://affiliate-api.flipkart.net/affiliate/search/json?query=mobilephone&resultCount=10
(6, 'Could not resolve host: affiliate-api.flipkart.net')
getsearchonkeywords() ends
mobilephone
getsearchonkeywords() starts
parameters : Count : 10 keywords : mobilephone
executecall() starts
parameters : url : https://affiliate-api.flipkart.net/affiliate/search/json?query=mobilephone&resultCount=10
(6, 'Could not resolve host: affiliate-api.flipkart.net')
getsearchonkeywords() ends
mobilephone
getsearchonkeywords() starts
parameters : Count : 10 keywords : mobilephone
executecall() starts
parameters : url : https://affiliate-api.flipkart.net/affiliate/search/json?query=mobilephone&resultCount=10
mobilephone
getsearchonkeywords() starts
parameters : Count : 10 keywords : mobilephone
executecall() starts
parameters : url : https://affiliate-api.flipkart.net/affiliate/search/json?query=mobilephone&resultCount=10
mobilephone
getsearchonkeywords() starts
parameters : Count : 10 keywords : mobilephone
executecall() starts
parameters : url : https://affiliate-api.flipkart.net/affiliate/search/json?query=mobilephone&resultCount=10
mobilephone
getsearchonkeywords() starts
parameters : Count : 10 keywords : mobilephone
executecall() starts
parameters : url : https://affiliate-api.flipkart.net/affiliate/search/json?query=mobilephone&resultCount=10
mobilephone
getsearchonkeywords() starts
parameters : Count : 10 keywords : mobilephone
executecall() starts
parameters : url : https://affiliate-api.flipkart.net/affiliate/search/json?query=mobilephone&resultCount=10
mobilephone
getsearchonkeywords() starts
parameters : Count : 10 keywords : mobilephone
executecall() starts
parameters : url : https://affiliate-api.flipkart.net/affiliate/search/json?query=mobilephone&resultCount=10
Expecting value: line 1 column 1 (char 0)
getsearchonkeywords() ends
mobilephone
getsearchonkeywords() starts
parameters : Count : 10 keywords : mobilephone
executecall() starts
parameters : url : https://affiliate-api.flipkart.net/affiliate/search/json?query=mobilephone&resultCount=10
Expecting value: line 1 column 1 (char 0)
getsearchonkeywords() ends
Expecting value: line 1 column 1 (char 0)
getsearchonkeywords() ends
Expecting value: line 1 column 1 (char 0)
getsearchonkeywords() ends
Expecting value: line 1 column 1 (char 0)
getsearchonkeywords() ends
Expecting value: line 1 column 1 (char 0)
getsearchonkeywords() ends
mobilephone
mobilephone
getsearchonkeywords() starts
getsearchonkeywords() starts
parameters : Count : 10 keywords : mobilephone
parameters : Count : 10 keywords : mobilephone
executecall() starts
executecall() starts
parameters : url : https://affiliate-api.flipkart.net/affiliate/search/json?query=mobilephone&resultCount=10
parameters : url : https://affiliate-api.flipkart.net/affiliate/search/json?query=mobilephone&resultCount=10
mobilephone
getsearchonkeywords() starts
parameters : Count : 10 keywords : mobilephone
executecall() starts
parameters : url : https://affiliate-api.flipkart.net/affiliate/search/json?query=mobilephone&resultCount=10
mobilephone
getsearchonkeywords() starts
parameters : Count : 10 keywords : mobilephone
executecall() starts
parameters : url : https://affiliate-api.flipkart.net/affiliate/search/json?query=mobilephone&resultCount=10
mobilephone
getsearchonkeywords() starts
parameters : Count : 10 keywords : mobilephone
executecall() starts
parameters : url : https://affiliate-api.flipkart.net/affiliate/search/json?query=mobilephone&resultCount=10
Expecting value: line 1 column 1 (char 0)
getsearchonkeywords() ends
mobilephone
getsearchonkeywords() starts
parameters : Count : 10 keywords : mobilephone
executecall() starts
parameters : url : https://affiliate-api.flipkart.net/affiliate/search/json?query=mobilephone&resultCount=10
Expecting value: line 1 column 1 (char 0)
getsearchonkeywords() ends
mobilephone
getsearchonkeywords() starts
parameters : Count : 10 keywords : mobilephone
executecall() starts
parameters : url : https://affiliate-api.flipkart.net/affiliate/search/json?query=mobilephone&resultCount=10
Expecting value: line 1 column 1 (char 0)
getsearchonkeywords() ends
Expecting value: line 1 column 1 (char 0)
getsearchonkeywords() ends
executecall() ends
getsearchonkeywords() ends
mobilephone
getsearchonkeywords() starts
parameters : Count : 10 keywords : mobilephone
executecall() starts
parameters : url : https://affiliate-api.flipkart.net/affiliate/search/json?query=mobilephone&resultCount=10
mobilephone
getsearchonkeywords() starts
parameters : Count : 10 keywords : mobilephone
executecall() starts
parameters : url : https://affiliate-api.flipkart.net/affiliate/search/json?query=mobilephone&resultCount=10
mobilephone
getsearchonkeywords() starts
parameters : Count : 10 keywords : mobilephone
executecall() starts
parameters : url : https://affiliate-api.flipkart.net/affiliate/search/json?query=mobilephone&resultCount=10
Expecting value: line 1 column 1 (char 0)
getsearchonkeywords() ends
Expecting value: line 1 column 1 (char 0)
getsearchonkeywords() ends
mobilephone
getsearchonkeywords() starts
parameters : Count : 10 keywords : mobilephone
executecall() starts
parameters : url : https://affiliate-api.flipkart.net/affiliate/search/json?query=mobilephone&resultCount=10
mobilephone
getsearchonkeywords() starts
parameters : Count : 10 keywords : mobilephone
executecall() starts
parameters : url : https://affiliate-api.flipkart.net/affiliate/search/json?query=mobilephone&resultCount=10
executecall() ends
getsearchonkeywords() ends
Expecting value: line 1 column 1 (char 0)
getsearchonkeywords() ends
mobilephone
getsearchonkeywords() starts
parameters : Count : 10 keywords : mobilephone
executecall() starts
parameters : url : https://affiliate-api.flipkart.net/affiliate/search/json?query=mobilephone&resultCount=10
mobilephone
getsearchonkeywords() starts
parameters : Count : 10 keywords : mobilephone
executecall() starts
parameters : url : https://affiliate-api.flipkart.net/affiliate/search/json?query=mobilephone&resultCount=10
executecall() ends
getsearchonkeywords() ends
Expecting value: line 1 column 1 (char 0)
getsearchonkeywords() ends
executecall() ends
getsearchonkeywords() ends
mobilephone
getsearchonkeywords() starts
parameters : Count : 10 keywords : mobilephone
executecall() starts
parameters : url : https://affiliate-api.flipkart.net/affiliate/search/json?query=mobilephone&resultCount=10
executecall() ends
getsearchonkeywords() ends
mobilephone
getsearchonkeywords() starts
parameters : Count : 10 keywords : mobilephone
executecall() starts
parameters : url : https://affiliate-api.flipkart.net/affiliate/search/json?query=mobilephone&resultCount=10
executecall() ends
getsearchonkeywords() ends
executecall() ends
getsearchonkeywords() ends
executecall() ends
getsearchonkeywords() ends
executecall() ends
getsearchonkeywords() ends
mobilephones
mobilephones
mobilephones
mobilephones
mobilephones
mobilephones
mobilephones
mobilephones
mobilephones
mobilephones
mobilephones
mobilephones
motorola e
getsearchonkeywords() starts
parameters : Count : 10 keywords : motorola%20e
executecall() starts
parameters : url : https://affiliate-api.flipkart.net/affiliate/search/json?query=motorola%20e&resultCount=10
executecall() ends
getsearchonkeywords() ends
mobile phones
getsearchonkeywords() starts
parameters : Count : 10 keywords : mobile%20phones
executecall() starts
parameters : url : https://affiliate-api.flipkart.net/affiliate/search/json?query=mobile%20phones&resultCount=10
Expecting value: line 1 column 1 (char 0)
getsearchonkeywords() ends
mobile phones
getsearchonkeywords() starts
parameters : Count : 10 keywords : mobile%20phones
executecall() starts
parameters : url : https://affiliate-api.flipkart.net/affiliate/search/json?query=mobile%20phones&resultCount=10
mobile phone
getsearchonkeywords() starts
parameters : Count : 10 keywords : mobile%20phone
executecall() starts
parameters : url : https://affiliate-api.flipkart.net/affiliate/search/json?query=mobile%20phone&resultCount=10
Expecting value: line 1 column 1 (char 0)
getsearchonkeywords() ends
mobile phones
getsearchonkeywords() starts
parameters : Count : 10 keywords : mobile%20phones
executecall() starts
parameters : url : https://affiliate-api.flipkart.net/affiliate/search/json?query=mobile%20phones&resultCount=10
mobile
getsearchonkeywords() starts
parameters : Count : 10 keywords : mobile
executecall() starts
parameters : url : https://affiliate-api.flipkart.net/affiliate/search/json?query=mobile&resultCount=10
mobile phones
getsearchonkeywords() starts
parameters : Count : 10 keywords : mobile%20phones
executecall() starts
mobile phones
parameters : url : https://affiliate-api.flipkart.net/affiliate/search/json?query=mobile%20phones&resultCount=10
mobile phones
getsearchonkeywords() starts
getsearchonkeywords() starts
parameters : Count : 10 keywords : mobile%20phones
parameters : Count : 10 keywords : mobile%20phones
executecall() starts
executecall() starts
parameters : url : https://affiliate-api.flipkart.net/affiliate/search/json?query=mobile%20phones&resultCount=10
parameters : url : https://affiliate-api.flipkart.net/affiliate/search/json?query=mobile%20phones&resultCount=10
Expecting value: line 1 column 1 (char 0)
getsearchonkeywords() ends
mobile phones
getsearchonkeywords() starts
parameters : Count : 10 keywords : mobile%20phones
executecall() starts
parameters : url : https://affiliate-api.flipkart.net/affiliate/search/json?query=mobile%20phones&resultCount=10
Expecting value: line 1 column 1 (char 0)
getsearchonkeywords() ends
mobile phones
getsearchonkeywords() starts
parameters : Count : 10 keywords : mobile%20phones
executecall() starts
parameters : url : https://affiliate-api.flipkart.net/affiliate/search/json?query=mobile%20phones&resultCount=10
Expecting value: line 1 column 1 (char 0)
getsearchonkeywords() ends
Expecting value: line 1 column 1 (char 0)
Expecting value: line 1 column 1 (char 0)
Expecting value: line 1 column 1 (char 0)
getsearchonkeywords() ends
getsearchonkeywords() ends
getsearchonkeywords() ends
mobile phones
getsearchonkeywords() starts
parameters : Count : 10 keywords : mobile%20phones
executecall() starts
parameters : url : https://affiliate-api.flipkart.net/affiliate/search/json?query=mobile%20phones&resultCount=10
mobile phones
getsearchonkeywords() starts
parameters : Count : 10 keywords : mobile%20phones
executecall() starts
parameters : url : https://affiliate-api.flipkart.net/affiliate/search/json?query=mobile%20phones&resultCount=10
mobile phones
getsearchonkeywords() starts
parameters : Count : 10 keywords : mobile%20phones
executecall() starts
parameters : url : https://affiliate-api.flipkart.net/affiliate/search/json?query=mobile%20phones&resultCount=10
mobile phones
getsearchonkeywords() starts
parameters : Count : 10 keywords : mobile%20phones
executecall() starts
parameters : url : https://affiliate-api.flipkart.net/affiliate/search/json?query=mobile%20phones&resultCount=10
Expecting value: line 1 column 1 (char 0)
getsearchonkeywords() ends
mobile phones
getsearchonkeywords() starts
parameters : Count : 10 keywords : mobile%20phones
executecall() starts
parameters : url : https://affiliate-api.flipkart.net/affiliate/search/json?query=mobile%20phones&resultCount=10
Expecting value: line 1 column 1 (char 0)
getsearchonkeywords() ends
mobile phones
getsearchonkeywords() starts
parameters : Count : 10 keywords : mobile%20phones
executecall() starts
parameters : url : https://affiliate-api.flipkart.net/affiliate/search/json?query=mobile%20phones&resultCount=10
Expecting value: line 1 column 1 (char 0)
getsearchonkeywords() ends
mobile phones
getsearchonkeywords() starts
parameters : Count : 10 keywords : mobile%20phones
executecall() starts
parameters : url : https://affiliate-api.flipkart.net/affiliate/search/json?query=mobile%20phones&resultCount=10
Expecting value: line 1 column 1 (char 0)
getsearchonkeywords() ends
Expecting value: line 1 column 1 (char 0)
getsearchonkeywords() ends
Expecting value: line 1 column 1 (char 0)
getsearchonkeywords() ends
mobile phones
getsearchonkeywords() starts
parameters : Count : 10 keywords : mobile%20phones
executecall() starts
parameters : url : https://affiliate-api.flipkart.net/affiliate/search/json?query=mobile%20phones&resultCount=10
mobile phone
getsearchonkeywords() starts
parameters : Count : 10 keywords : mobile%20phone
executecall() starts
parameters : url : https://affiliate-api.flipkart.net/affiliate/search/json?query=mobile%20phone&resultCount=10
mobile
getsearchonkeywords() starts
parameters : Count : 10 keywords : mobile
executecall() starts
parameters : url : https://affiliate-api.flipkart.net/affiliate/search/json?query=mobile&resultCount=10
Expecting value: line 1 column 1 (char 0)
getsearchonkeywords() ends
mobile phone
getsearchonkeywords() starts
parameters : Count : 10 keywords : mobile%20phone
executecall() starts
parameters : url : https://affiliate-api.flipkart.net/affiliate/search/json?query=mobile%20phone&resultCount=10
Expecting value: line 1 column 1 (char 0)
getsearchonkeywords() ends
mobile phone
getsearchonkeywords() starts
parameters : Count : 10 keywords : mobile%20phone
executecall() starts
parameters : url : https://affiliate-api.flipkart.net/affiliate/search/json?query=mobile%20phone&resultCount=10
Expecting value: line 1 column 1 (char 0)
getsearchonkeywords() ends
mobile phone
getsearchonkeywords() starts
parameters : Count : 10 keywords : mobile%20phone
executecall() starts
parameters : url : https://affiliate-api.flipkart.net/affiliate/search/json?query=mobile%20phone&resultCount=10
Expecting value: line 1 column 1 (char 0)
Expecting value: line 1 column 1 (char 0)
getsearchonkeywords() ends
getsearchonkeywords() ends
Expecting value: line 1 column 1 (char 0)
getsearchonkeywords() ends
mobile phone
getsearchonkeywords() starts
parameters : Count : 10 keywords : mobile%20phone
mobile phone
executecall() starts
getsearchonkeywords() starts
parameters : url : https://affiliate-api.flipkart.net/affiliate/search/json?query=mobile%20phone&resultCount=10
parameters : Count : 10 keywords : mobile%20phone
executecall() starts
parameters : url : https://affiliate-api.flipkart.net/affiliate/search/json?query=mobile%20phone&resultCount=10
mobile phone
getsearchonkeywords() starts
parameters : Count : 10 keywords : mobile%20phone
executecall() starts
parameters : url : https://affiliate-api.flipkart.net/affiliate/search/json?query=mobile%20phone&resultCount=10
Expecting value: line 1 column 1 (char 0)
getsearchonkeywords() ends
mobile phone
getsearchonkeywords() starts
parameters : Count : 10 keywords : mobile%20phone
executecall() starts
parameters : url : https://affiliate-api.flipkart.net/affiliate/search/json?query=mobile%20phone&resultCount=10
Expecting value: line 1 column 1 (char 0)
getsearchonkeywords() ends
mobile phone
getsearchonkeywords() starts
parameters : Count : 10 keywords : mobile%20phone
executecall() starts
parameters : url : https://affiliate-api.flipkart.net/affiliate/search/json?query=mobile%20phone&resultCount=10
Expecting value: line 1 column 1 (char 0)
getsearchonkeywords() ends
mobile phone
getsearchonkeywords() starts
parameters : Count : 10 keywords : mobile%20phone
executecall() starts
parameters : url : https://affiliate-api.flipkart.net/affiliate/search/json?query=mobile%20phone&resultCount=10
Expecting value: line 1 column 1 (char 0)
getsearchonkeywords() ends
Expecting value: line 1 column 1 (char 0)
getsearchonkeywords() ends
Expecting value: line 1 column 1 (char 0)
getsearchonkeywords() ends
mobile phone
getsearchonkeywords() starts
parameters : Count : 10 keywords : mobile%20phone
executecall() starts
parameters : url : https://affiliate-api.flipkart.net/affiliate/search/json?query=mobile%20phone&resultCount=10
mobile phone
getsearchonkeywords() starts
parameters : Count : 10 keywords : mobile%20phone
executecall() starts
parameters : url : https://affiliate-api.flipkart.net/affiliate/search/json?query=mobile%20phone&resultCount=10
mobile phone
getsearchonkeywords() starts
parameters : Count : 10 keywords : mobile%20phone
executecall() starts
parameters : url : https://affiliate-api.flipkart.net/affiliate/search/json?query=mobile%20phone&resultCount=10
Expecting value: line 1 column 1 (char 0)
getsearchonkeywords() ends
mobile phone
getsearchonkeywords() starts
parameters : Count : 10 keywords : mobile%20phone
executecall() starts
parameters : url : https://affiliate-api.flipkart.net/affiliate/search/json?query=mobile%20phone&resultCount=10
Expecting value: line 1 column 1 (char 0)
getsearchonkeywords() ends
mobile phone
getsearchonkeywords() starts
parameters : Count : 10 keywords : mobile%20phone
executecall() starts
parameters : url : https://affiliate-api.flipkart.net/affiliate/search/json?query=mobile%20phone&resultCount=10
Expecting value: line 1 column 1 (char 0)
getsearchonkeywords() ends
Expecting value: line 1 column 1 (char 0)
getsearchonkeywords() ends
mobile phone
getsearchonkeywords() starts
parameters : Count : 10 keywords : mobile%20phone
executecall() starts
parameters : url : https://affiliate-api.flipkart.net/affiliate/search/json?query=mobile%20phone&resultCount=10
mobile
getsearchonkeywords() starts
parameters : Count : 10 keywords : mobile
executecall() starts
parameters : url : https://affiliate-api.flipkart.net/affiliate/search/json?query=mobile&resultCount=10
Expecting value: line 1 column 1 (char 0)
getsearchonkeywords() ends
Expecting value: line 1 column 1 (char 0)
getsearchonkeywords() ends
mobile
getsearchonkeywords() starts
parameters : Count : 10 keywords : mobile
executecall() starts
parameters : url : https://affiliate-api.flipkart.net/affiliate/search/json?query=mobile&resultCount=10
Expecting value: line 1 column 1 (char 0)
getsearchonkeywords() ends
mobile
getsearchonkeywords() starts
parameters : Count : 10 keywords : mobile
executecall() starts
parameters : url : https://affiliate-api.flipkart.net/affiliate/search/json?query=mobile&resultCount=10
mobile
getsearchonkeywords() starts
parameters : Count : 10 keywords : mobile
executecall() starts
parameters : url : https://affiliate-api.flipkart.net/affiliate/search/json?query=mobile&resultCount=10
Expecting value: line 1 column 1 (char 0)
getsearchonkeywords() ends
mobile
getsearchonkeywords() starts
parameters : Count : 10 keywords : mobile
executecall() starts
parameters : url : https://affiliate-api.flipkart.net/affiliate/search/json?query=mobile&resultCount=10
Expecting value: line 1 column 1 (char 0)
getsearchonkeywords() ends
Expecting value: line 1 column 1 (char 0)
getsearchonkeywords() ends
mobile
getsearchonkeywords() starts
parameters : Count : 10 keywords : mobile
executecall() starts
parameters : url : https://affiliate-api.flipkart.net/affiliate/search/json?query=mobile&resultCount=10
mobile
getsearchonkeywords() starts
parameters : Count : 10 keywords : mobile
executecall() starts
parameters : url : https://affiliate-api.flipkart.net/affiliate/search/json?query=mobile&resultCount=10
Expecting value: line 1 column 1 (char 0)
getsearchonkeywords() ends
Expecting value: line 1 column 1 (char 0)
getsearchonkeywords() ends
Expecting value: line 1 column 1 (char 0)
getsearchonkeywords() ends
mobile
getsearchonkeywords() starts
parameters : Count : 10 keywords : mobile
executecall() starts
mobile
parameters : url : https://affiliate-api.flipkart.net/affiliate/search/json?query=mobile&resultCount=10
getsearchonkeywords() starts
parameters : Count : 10 keywords : mobile
executecall() starts
parameters : url : https://affiliate-api.flipkart.net/affiliate/search/json?query=mobile&resultCount=10
mobile
getsearchonkeywords() starts
parameters : Count : 10 keywords : mobile
executecall() starts
parameters : url : https://affiliate-api.flipkart.net/affiliate/search/json?query=mobile&resultCount=10
Expecting value: line 1 column 1 (char 0)
getsearchonkeywords() ends
mobile
getsearchonkeywords() starts
parameters : Count : 10 keywords : mobile
executecall() starts
parameters : url : https://affiliate-api.flipkart.net/affiliate/search/json?query=mobile&resultCount=10
Expecting value: line 1 column 1 (char 0)
getsearchonkeywords() ends
Expecting value: line 1 column 1 (char 0)
getsearchonkeywords() ends
mobile
getsearchonkeywords() starts
parameters : Count : 10 keywords : mobile
executecall() starts
parameters : url : https://affiliate-api.flipkart.net/affiliate/search/json?query=mobile&resultCount=10
mobile
getsearchonkeywords() starts
parameters : Count : 10 keywords : mobile
executecall() starts
parameters : url : https://affiliate-api.flipkart.net/affiliate/search/json?query=mobile&resultCount=10
Expecting value: line 1 column 1 (char 0)
getsearchonkeywords() ends
mobile
getsearchonkeywords() starts
parameters : Count : 10 keywords : mobile
executecall() starts
parameters : url : https://affiliate-api.flipkart.net/affiliate/search/json?query=mobile&resultCount=10
Expecting value: line 1 column 1 (char 0)
getsearchonkeywords() ends
mobile
getsearchonkeywords() starts
parameters : Count : 10 keywords : mobile
executecall() starts
parameters : url : https://affiliate-api.flipkart.net/affiliate/search/json?query=mobile&resultCount=10
Expecting value: line 1 column 1 (char 0)
getsearchonkeywords() ends
Expecting value: line 1 column 1 (char 0)
getsearchonkeywords() ends
Expecting value: line 1 column 1 (char 0)
getsearchonkeywords() ends
mobile
getsearchonkeywords() starts
parameters : Count : 10 keywords : mobile
executecall() starts
parameters : url : https://affiliate-api.flipkart.net/affiliate/search/json?query=mobile&resultCount=10
Expecting value: line 1 column 1 (char 0)
getsearchonkeywords() ends
Expecting value: line 1 column 1 (char 0)
getsearchonkeywords() ends
Expecting value: line 1 column 1 (char 0)
getsearchonkeywords() ends
Expecting value: line 1 column 1 (char 0)
getsearchonkeywords() ends
mobile
getsearchonkeywords() starts
parameters : Count : 10 keywords : mobile
executecall() starts
parameters : url : https://affiliate-api.flipkart.net/affiliate/search/json?query=mobile&resultCount=10
Expecting value: line 1 column 1 (char 0)
getsearchonkeywords() ends
mobile
getsearchonkeywords() starts
parameters : Count : 10 keywords : mobile
executecall() starts
parameters : url : https://affiliate-api.flipkart.net/affiliate/search/json?query=mobile&resultCount=10
Expecting value: line 1 column 1 (char 0)
getsearchonkeywords() ends
mobile
getsearchonkeywords() starts
parameters : Count : 10 keywords : mobile
executecall() starts
parameters : url : https://affiliate-api.flipkart.net/affiliate/search/json?query=mobile&resultCount=10
Expecting value: line 1 column 1 (char 0)
getsearchonkeywords() ends
mobile
getsearchonkeywords() starts
parameters : Count : 10 keywords : mobile
executecall() starts
parameters : url : https://affiliate-api.flipkart.net/affiliate/search/json?query=mobile&resultCount=10
mobile
getsearchonkeywords() starts
parameters : Count : 10 keywords : mobile
executecall() starts
parameters : url : https://affiliate-api.flipkart.net/affiliate/search/json?query=mobile&resultCount=10
mobile
getsearchonkeywords() starts
parameters : Count : 10 keywords : mobile
executecall() starts
parameters : url : https://affiliate-api.flipkart.net/affiliate/search/json?query=mobile&resultCount=10
executecall() ends
getsearchonkeywords() ends
Expecting value: line 1 column 1 (char 0)
getsearchonkeywords() ends
Expecting value: line 1 column 1 (char 0)
getsearchonkeywords() ends
mobile
getsearchonkeywords() starts
parameters : Count : 10 keywords : mobile
executecall() starts
parameters : url : https://affiliate-api.flipkart.net/affiliate/search/json?query=mobile&resultCount=10
executecall() ends
getsearchonkeywords() ends
mobilephones
mobile phone
getsearchonkeywords() starts
parameters : Count : 10 keywords : mobile%20phone
executecall() starts
parameters : url : https://affiliate-api.flipkart.net/affiliate/search/json?query=mobile%20phone&resultCount=10
Expecting value: line 1 column 1 (char 0)
getsearchonkeywords() ends
